<?xml version="1.0" encoding="UTF-8"?>
<!-- Generated by org.testng.reporters.JUnitXMLReporter -->
<testsuite ignored="0" hostname="LAPTOP-NA90P81S" failures="1" tests="1" name="Default test(failed)" time="15.276" errors="0" timestamp="2023-02-06T07:35:14 IST">
  <testcase classname="testNGpack.VerifyTheBuyProductFunctionality" name="verifyTheBuyProductFunctionality" time="10.759">
    <failure type="java.lang.AssertionError" message="The following asserts failed:
	expected [] but found [https://www.amazon.in/ap/signin?_encoding=UTF8&amp;amp;openid.assoc_handle=amazon_checkout_in&amp;amp;openid.claimed_id=http%3A%2F%2Fspecs.openid.net%2Fauth%2F2.0%2Fidentifier_select&amp;amp;openid.identity=http%3A%2F%2Fspecs.openid.net%2Fauth%2F2.0%2Fidentifier_select&amp;amp;openid.mode=checkid_setup&amp;amp;openid.ns=http%3A%2F%2Fspecs.openid.net%2Fauth%2F2.0&amp;amp;openid.ns.pape=http%3A%2F%2Fspecs.openid.net%2Fextensions%2Fpape%2F1.0&amp;amp;openid.pape.max_auth_age=0&amp;amp;openid.return_to=https%3A%2F%2Fwww.amazon.in%2Fgp%2Fcheckoutportal%2Fenter-checkout.html%3Fie%3DUTF8%26asin%3DB0BT9DVZLZ%26buyNow%3D1%26cartCustomerID%3D0%26fromSignIn%3D1%26isBuyBack%3D0%26isGift%3D0%26offeringID%3Di4kjv2wzBS0dXx0L%25252BePvLz7DLQ3lYdVTM36zJWyPfQSok%25252BtODHiahjkrNqP4H0UcWziliokS%25252BsScMn0RK%25252Fied1b6gk4uqxUhkISjnbmibEBm%25252F8kTO6SPY2WAICfhSTPpqoLWxpWqLCZppgufL2M31qwkCodcLr%25252FA%26quantity%3D1%26sessionID%3D258-1124047-0967015&amp;amp;pageId=amazon_checkout_in&amp;amp;showRmrMe=0&amp;amp;siteState=IMBMsgs.&amp;amp;suppressSignInRadioButtons=0]">
      <![CDATA[java.lang.AssertionError: The following asserts failed:
expected [] but found [https://www.amazon.in/ap/signin?_encoding=UTF8&openid.assoc_handle=amazon_checkout_in&openid.claimed_id=http%3A%2F%2Fspecs.openid.net%2Fauth%2F2.0%2Fidentifier_select&openid.identity=http%3A%2F%2Fspecs.openid.net%2Fauth%2F2.0%2Fidentifier_select&openid.mode=checkid_setup&openid.ns=http%3A%2F%2Fspecs.openid.net%2Fauth%2F2.0&openid.ns.pape=http%3A%2F%2Fspecs.openid.net%2Fextensions%2Fpape%2F1.0&openid.pape.max_auth_age=0&openid.return_to=https%3A%2F%2Fwww.amazon.in%2Fgp%2Fcheckoutportal%2Fenter-checkout.html%3Fie%3DUTF8%26asin%3DB0BT9DVZLZ%26buyNow%3D1%26cartCustomerID%3D0%26fromSignIn%3D1%26isBuyBack%3D0%26isGift%3D0%26offeringID%3Di4kjv2wzBS0dXx0L%25252BePvLz7DLQ3lYdVTM36zJWyPfQSok%25252BtODHiahjkrNqP4H0UcWziliokS%25252BsScMn0RK%25252Fied1b6gk4uqxUhkISjnbmibEBm%25252F8kTO6SPY2WAICfhSTPpqoLWxpWqLCZppgufL2M31qwkCodcLr%25252FA%26quantity%3D1%26sessionID%3D258-1124047-0967015&pageId=amazon_checkout_in&showRmrMe=0&siteState=IMBMsgs.&suppressSignInRadioButtons=0]
at testNGpack.VerifyTheBuyProductFunctionality.verifyTheBuyProductFunctionality(VerifyTheBuyProductFunctionality.java:65)
at java.base/java.util.ArrayList.forEach(ArrayList.java:1511)
... Removed 29 stack frames]]>
    </failure>
  </testcase> <!-- verifyTheBuyProductFunctionality -->
</testsuite> <!-- Default test(failed) -->
